   Compiling gdel3d_wgpu v0.1.0 (/home/amai/gdel3d_wgpu)
warning: variable does not need to be mutable
   --> src/gpu/buffers.rs:199:13
    |
199 |         let mut vert_free_data = vec![MEAN_VERTEX_DEGREE; num_vertices];
    |             ----^^^^^^^^^^^^^^
    |             |
    |             help: remove this `mut`
    |
    = note: `#[warn(unused_mut)]` (part of `#[warn(unused)]`) on by default

warning: unused variable: `encoder`
   --> src/gpu/dispatch.rs:349:56
    |
349 |     pub fn dispatch_update_block_vert_free_list(&self, encoder: &mut wgpu::CommandEncoder, queue: &wgpu::Queue, ins_num: u32, old_ins_num: u32) {
    |                                                        ^^^^^^^ help: if this is intentional, prefix it with an underscore: `_encoder`
    |
    = note: `#[warn(unused_variables)]` (part of `#[warn(unused)]`) on by default

warning: unused variable: `queue`
   --> src/gpu/dispatch.rs:349:92
    |
349 |     pub fn dispatch_update_block_vert_free_list(&self, encoder: &mut wgpu::CommandEncoder, queue: &wgpu::Queue, ins_num: u32, old_ins_num: u32) {
    |                                                                                            ^^^^^ help: if this is intentional, prefix it with an underscore: `_queue`

warning: unused variable: `ins_num`
   --> src/gpu/dispatch.rs:349:113
    |
349 |     pub fn dispatch_update_block_vert_free_list(&self, encoder: &mut wgpu::CommandEncoder, queue: &wgpu::Queue, ins_num: u32, old_ins_num: u32) {
    |                                                                                                                 ^^^^^^^ help: if this is intentional, prefix it with an underscore: `_ins_num`

warning: unused variable: `old_ins_num`
   --> src/gpu/dispatch.rs:349:127
    |
349 |     pub fn dispatch_update_block_vert_free_list(&self, encoder: &mut wgpu::CommandEncoder, queue: &wgpu::Queue, ins_num: u32, old_ins_num: u32) {
    |                                                                                                                               ^^^^^^^^^^^ help: if this is intentional, prefix it with an underscore: `_old_ins_num`

warning: unused variable: `encoder`
   --> src/gpu/dispatch.rs:353:53
    |
353 |     pub fn dispatch_update_block_opp_tet_idx(&self, encoder: &mut wgpu::CommandEncoder, queue: &wgpu::Queue, old_inf_block_idx: u32, new_inf_block_idx: u32, old_tet_num: u32) {
    |                                                     ^^^^^^^ help: if this is intentional, prefix it with an underscore: `_encoder`

warning: unused variable: `queue`
   --> src/gpu/dispatch.rs:353:89
    |
353 |     pub fn dispatch_update_block_opp_tet_idx(&self, encoder: &mut wgpu::CommandEncoder, queue: &wgpu::Queue, old_inf_block_idx: u32, new_inf_block_idx: u32, old_tet_num: u32) {
    |                                                                                         ^^^^^ help: if this is intentional, prefix it with an underscore: `_queue`

warning: unused variable: `old_inf_block_idx`
   --> src/gpu/dispatch.rs:353:110
    |
353 |     pub fn dispatch_update_block_opp_tet_idx(&self, encoder: &mut wgpu::CommandEncoder, queue: &wgpu::Queue, old_inf_block_idx: u32, new_inf_block_idx: u32, old_tet_num: u32) {
    |                                                                                                              ^^^^^^^^^^^^^^^^^ help: if this is intentional, prefix it with an underscore: `_old_inf_block_idx`

warning: unused variable: `new_inf_block_idx`
   --> src/gpu/dispatch.rs:353:134
    |
353 |     pub fn dispatch_update_block_opp_tet_idx(&self, encoder: &mut wgpu::CommandEncoder, queue: &wgpu::Queue, old_inf_block_idx: u32, new_inf_block_idx: u32, old_tet_num: u32) {
    |                                                                                                                                      ^^^^^^^^^^^^^^^^^ help: if this is intentional, prefix it with an underscore: `_new_inf_block_idx`

warning: unused variable: `old_tet_num`
   --> src/gpu/dispatch.rs:353:158
    |
353 |     pub fn dispatch_update_block_opp_tet_idx(&self, encoder: &mut wgpu::CommandEncoder, queue: &wgpu::Queue, old_inf_block_idx: u32, new_inf_block_idx: u32, old_tet_num: u32) {
    |                                                                                                                                                              ^^^^^^^^^^^ help: if this is intentional, prefix it with an underscore: `_old_tet_num`

warning: unused variable: `encoder`
   --> src/gpu/dispatch.rs:357:47
    |
357 |     pub fn dispatch_shift_inf_free_idx(&self, encoder: &mut wgpu::CommandEncoder, queue: &wgpu::Queue, inf_idx: u32, start: u32, shift: u32) {
    |                                               ^^^^^^^ help: if this is intentional, prefix it with an underscore: `_encoder`

warning: unused variable: `queue`
   --> src/gpu/dispatch.rs:357:83
    |
357 |     pub fn dispatch_shift_inf_free_idx(&self, encoder: &mut wgpu::CommandEncoder, queue: &wgpu::Queue, inf_idx: u32, start: u32, shift: u32) {
    |                                                                                   ^^^^^ help: if this is intentional, prefix it with an underscore: `_queue`

warning: unused variable: `inf_idx`
   --> src/gpu/dispatch.rs:357:104
    |
357 |     pub fn dispatch_shift_inf_free_idx(&self, encoder: &mut wgpu::CommandEncoder, queue: &wgpu::Queue, inf_idx: u32, start: u32, shift: u32) {
    |                                                                                                        ^^^^^^^ help: if this is intentional, prefix it with an underscore: `_inf_idx`

warning: unused variable: `start`
   --> src/gpu/dispatch.rs:357:118
    |
357 |     pub fn dispatch_shift_inf_free_idx(&self, encoder: &mut wgpu::CommandEncoder, queue: &wgpu::Queue, inf_idx: u32, start: u32, shift: u32) {
    |                                                                                                                      ^^^^^ help: if this is intentional, prefix it with an underscore: `_start`

warning: unused variable: `shift`
   --> src/gpu/dispatch.rs:357:130
    |
357 |     pub fn dispatch_shift_inf_free_idx(&self, encoder: &mut wgpu::CommandEncoder, queue: &wgpu::Queue, inf_idx: u32, start: u32, shift: u32) {
    |                                                                                                                                  ^^^^^ help: if this is intentional, prefix it with an underscore: `_shift`

warning: unused variable: `encoder`
   --> src/gpu/dispatch.rs:361:43
    |
361 |     pub fn dispatch_update_tet_idx(&self, encoder: &mut wgpu::CommandEncoder, queue: &wgpu::Queue, old_inf_block_idx: u32, new_inf_block_idx: u32, vec_size: u32) {
    |                                           ^^^^^^^ help: if this is intentional, prefix it with an underscore: `_encoder`

warning: unused variable: `queue`
   --> src/gpu/dispatch.rs:361:79
    |
361 |     pub fn dispatch_update_tet_idx(&self, encoder: &mut wgpu::CommandEncoder, queue: &wgpu::Queue, old_inf_block_idx: u32, new_inf_block_idx: u32, vec_size: u32) {
    |                                                                               ^^^^^ help: if this is intentional, prefix it with an underscore: `_queue`

warning: unused variable: `old_inf_block_idx`
   --> src/gpu/dispatch.rs:361:100
    |
361 |     pub fn dispatch_update_tet_idx(&self, encoder: &mut wgpu::CommandEncoder, queue: &wgpu::Queue, old_inf_block_idx: u32, new_inf_block_idx: u32, vec_size: u32) {
    |                                                                                                    ^^^^^^^^^^^^^^^^^ help: if this is intentional, prefix it with an underscore: `_old_inf_block_idx`

warning: unused variable: `new_inf_block_idx`
   --> src/gpu/dispatch.rs:361:124
    |
361 |     pub fn dispatch_update_tet_idx(&self, encoder: &mut wgpu::CommandEncoder, queue: &wgpu::Queue, old_inf_block_idx: u32, new_inf_block_idx: u32, vec_size: u32) {
    |                                                                                                                            ^^^^^^^^^^^^^^^^^ help: if this is intentional, prefix it with an underscore: `_new_inf_block_idx`

warning: unused variable: `vec_size`
   --> src/gpu/dispatch.rs:361:148
    |
361 |     pub fn dispatch_update_tet_idx(&self, encoder: &mut wgpu::CommandEncoder, queue: &wgpu::Queue, old_inf_block_idx: u32, new_inf_block_idx: u32, vec_size: u32) {
    |                                                                                                                                                    ^^^^^^^^ help: if this is intentional, prefix it with an underscore: `_vec_size`

warning: unused variable: `encoder`
   --> src/gpu/dispatch.rs:365:46
    |
365 |     pub fn dispatch_shift_opp_tet_idx(&self, encoder: &mut wgpu::CommandEncoder, queue: &wgpu::Queue, tet_num: u32, start: u32, shift: u32) {
    |                                              ^^^^^^^ help: if this is intentional, prefix it with an underscore: `_encoder`

warning: unused variable: `queue`
   --> src/gpu/dispatch.rs:365:82
    |
365 |     pub fn dispatch_shift_opp_tet_idx(&self, encoder: &mut wgpu::CommandEncoder, queue: &wgpu::Queue, tet_num: u32, start: u32, shift: u32) {
    |                                                                                  ^^^^^ help: if this is intentional, prefix it with an underscore: `_queue`

warning: unused variable: `tet_num`
   --> src/gpu/dispatch.rs:365:103
    |
365 |     pub fn dispatch_shift_opp_tet_idx(&self, encoder: &mut wgpu::CommandEncoder, queue: &wgpu::Queue, tet_num: u32, start: u32, shift: u32) {
    |                                                                                                       ^^^^^^^ help: if this is intentional, prefix it with an underscore: `_tet_num`

warning: unused variable: `start`
   --> src/gpu/dispatch.rs:365:117
    |
365 |     pub fn dispatch_shift_opp_tet_idx(&self, encoder: &mut wgpu::CommandEncoder, queue: &wgpu::Queue, tet_num: u32, start: u32, shift: u32) {
    |                                                                                                                     ^^^^^ help: if this is intentional, prefix it with an underscore: `_start`

warning: unused variable: `shift`
   --> src/gpu/dispatch.rs:365:129
    |
365 |     pub fn dispatch_shift_opp_tet_idx(&self, encoder: &mut wgpu::CommandEncoder, queue: &wgpu::Queue, tet_num: u32, start: u32, shift: u32) {
    |                                                                                                                                 ^^^^^ help: if this is intentional, prefix it with an underscore: `_shift`

warning: unused variable: `encoder`
   --> src/gpu/dispatch.rs:369:42
    |
369 |     pub fn dispatch_shift_tet_idx(&self, encoder: &mut wgpu::CommandEncoder, queue: &wgpu::Queue, vec_size: u32, start: u32, shift: u32) {
    |                                          ^^^^^^^ help: if this is intentional, prefix it with an underscore: `_encoder`

warning: unused variable: `queue`
   --> src/gpu/dispatch.rs:369:78
    |
369 |     pub fn dispatch_shift_tet_idx(&self, encoder: &mut wgpu::CommandEncoder, queue: &wgpu::Queue, vec_size: u32, start: u32, shift: u32) {
    |                                                                              ^^^^^ help: if this is intentional, prefix it with an underscore: `_queue`

warning: unused variable: `vec_size`
   --> src/gpu/dispatch.rs:369:99
    |
369 |     pub fn dispatch_shift_tet_idx(&self, encoder: &mut wgpu::CommandEncoder, queue: &wgpu::Queue, vec_size: u32, start: u32, shift: u32) {
    |                                                                                                   ^^^^^^^^ help: if this is intentional, prefix it with an underscore: `_vec_size`

warning: unused variable: `start`
   --> src/gpu/dispatch.rs:369:114
    |
369 |     pub fn dispatch_shift_tet_idx(&self, encoder: &mut wgpu::CommandEncoder, queue: &wgpu::Queue, vec_size: u32, start: u32, shift: u32) {
    |                                                                                                                  ^^^^^ help: if this is intentional, prefix it with an underscore: `_start`

warning: unused variable: `shift`
   --> src/gpu/dispatch.rs:369:126
    |
369 |     pub fn dispatch_shift_tet_idx(&self, encoder: &mut wgpu::CommandEncoder, queue: &wgpu::Queue, vec_size: u32, start: u32, shift: u32) {
    |                                                                                                                              ^^^^^ help: if this is intentional, prefix it with an underscore: `_shift`

warning: unused variable: `encoder`
   --> src/gpu/dispatch.rs:373:45
    |
373 |     pub fn dispatch_make_reverse_map(&self, encoder: &mut wgpu::CommandEncoder, queue: &wgpu::Queue, ins_vert_num: u32, num: u32) {
    |                                             ^^^^^^^ help: if this is intentional, prefix it with an underscore: `_encoder`

warning: unused variable: `queue`
   --> src/gpu/dispatch.rs:373:81
    |
373 |     pub fn dispatch_make_reverse_map(&self, encoder: &mut wgpu::CommandEncoder, queue: &wgpu::Queue, ins_vert_num: u32, num: u32) {
    |                                                                                 ^^^^^ help: if this is intentional, prefix it with an underscore: `_queue`

warning: unused variable: `ins_vert_num`
   --> src/gpu/dispatch.rs:373:102
    |
373 |     pub fn dispatch_make_reverse_map(&self, encoder: &mut wgpu::CommandEncoder, queue: &wgpu::Queue, ins_vert_num: u32, num: u32) {
    |                                                                                                      ^^^^^^^^^^^^ help: if this is intentional, prefix it with an underscore: `_ins_vert_num`

warning: unused variable: `num`
   --> src/gpu/dispatch.rs:373:121
    |
373 |     pub fn dispatch_make_reverse_map(&self, encoder: &mut wgpu::CommandEncoder, queue: &wgpu::Queue, ins_vert_num: u32, num: u32) {
    |                                                                                                                         ^^^ help: if this is intentional, prefix it with an underscore: `_num`

warning: unused variable: `nei_face`
    --> src/tests.rs:1790:31
     |
1790 |             let (nei_buf_idx, nei_face) = decode_opp(packed);
     |                               ^^^^^^^^ help: if this is intentional, prefix it with an underscore: `_nei_face`

warning: function `readback_all_alive` is never used
    --> src/tests.rs:1705:4
     |
1705 | fn readback_all_alive(
     |    ^^^^^^^^^^^^^^^^^^
     |
     = note: `#[warn(dead_code)]` (part of `#[warn(unused)]`) on by default

warning: `gdel3d_wgpu` (lib test) generated 36 warnings (run `cargo fix --lib -p gdel3d_wgpu --tests` to apply 35 suggestions)
    Finished `test` profile [unoptimized + debuginfo] target(s) in 0.42s
     Running unittests src/lib.rs (target/debug/deps/gdel3d_wgpu-1e8834e074ea0e7c)

running 1 test
error: test failed, to rerun pass `--lib`

Caused by:
  process didn't exit successfully: `/home/amai/gdel3d_wgpu/target/debug/deps/gdel3d_wgpu-1e8834e074ea0e7c test_delaunay_4_points` (signal: 11, SIGSEGV: invalid memory reference)
